*** Using Compiler 'V5.06 update 7 (build 960)', folder: 'E:\Keil_v5\ARM\ARMCC\Bin'
Build target 'Border'
compiling Motor.c...
..\Actuator\Inc\Motor.h(24): warning:  #1-D: last line of file ends without a newline
  #endif
..\Actuator\Src\Motor.c: 1 warning, 0 errors
compiling freertos.c...
..\Actuator\Inc\Motor.h(24): warning:  #1-D: last line of file ends without a newline
  #endif
../Src/freertos.c: 1 warning, 0 errors
compiling main.c...
..\Actuator\Inc\Motor.h(24): warning:  #1-D: last line of file ends without a newline
  #endif
../Src/main.c: 1 warning, 0 errors
linking...
Border\Border.axf: Warning: L6304W: Duplicate input file ..\LowPassFilterlib\LowPassFilter.lib ignored.
Program Size: Code=31444 RO-data=800 RW-data=340 ZI-data=23540  
Finished: 0 information, 1 warning and 0 error messages.
FromELF: creating hex file...
"Border\Border.axf" - 0 Error(s), 4 Warning(s).
Build Time Elapsed:  00:00:06
